<?xml version="1.0" encoding="UTF-8"?>
<!-- Generated by org.testng.reporters.JUnitReportReporter -->
<testsuite hostname="Yura-PC" name="com.gmail.testcases.AccountPageTestSuite" tests="1" failures="0" timestamp="7 May 2015 10:03:38 GMT" time="30.813" errors="0">
  <testcase name="openUserPage" time="30.813" classname="com.gmail.testcases.AccountPageTestSuite"/>
</testsuite> <!-- com.gmail.testcases.AccountPageTestSuite -->
